<?xml version="1.0" encoding="UTF-8"?>
<!-- Generated by org.testng.reporters.JUnitReportReporter -->
<testsuite hostname="IM-LP-1165" failures="0" tests="1" name="TestRunner.Run" time="22.816" errors="1" timestamp="2023-07-12T14:19:18 IST" skipped="0">
  <testcase classname="TestRunner.Run" name="runScenario" time="22.816">
    <error message="Could not start a new session. Response code 500. Message: An unknown server-side error occurred while processing the command. Original error: Could not find a connected Android device in 20213ms. 
Host info: host: &#039;IM-LP-1165&#039;, ip: &#039;192.168.237.87&#039;
Build info: version: &#039;4.10.0&#039;, revision: &#039;c14d967899&#039;
System info: os.name: &#039;Windows 11&#039;, os.arch: &#039;amd64&#039;, os.version: &#039;10.0&#039;, java.version: &#039;17.0.7&#039;
Driver info: io.appium.java_client.android.AndroidDriver
Command: [null, newSession {capabilities=[{appium:appActivity=com.arbl.amaron.MainActivity, platformName=ANDROID, appium:automationName=UIAutomator2, appium:platformVersion=11, appium:appPackage=com.arbl.amaron}], desiredCapabilities=Capabilities {appium:appActivity: com.arbl.amaron.MainActivity, appium:appPackage: com.arbl.amaron, appium:automationName: UIAutomator2, appium:platformVersion: 11, platformName: ANDROID}}]
Capabilities {appium:appActivity: com.arbl.amaron.MainActivity, appium:appPackage: com.arbl.amaron, appium:automationName: UIAutomator2, appium:platformVersion: 11, platformName: ANDROID}" type="org.openqa.selenium.SessionNotCreatedException">
      <![CDATA[org.openqa.selenium.SessionNotCreatedException: Could not start a new session. Response code 500. Message: An unknown server-side error occurred while processing the command. Original error: Could not find a connected Android device in 20213ms. 
Host info: host: 'IM-LP-1165', ip: '192.168.237.87'
Build info: version: '4.10.0', revision: 'c14d967899'
System info: os.name: 'Windows 11', os.arch: 'amd64', os.version: '10.0', java.version: '17.0.7'
Driver info: io.appium.java_client.android.AndroidDriver
Command: [null, newSession {capabilities=[{appium:appActivity=com.arbl.amaron.MainActivity, platformName=ANDROID, appium:automationName=UIAutomator2, appium:platformVersion=11, appium:appPackage=com.arbl.amaron}], desiredCapabilities=Capabilities {appium:appActivity: com.arbl.amaron.MainActivity, appium:appPackage: com.arbl.amaron, appium:automationName: UIAutomator2, appium:platformVersion: 11, platformName: ANDROID}}]
Capabilities {appium:appActivity: com.arbl.amaron.MainActivity, appium:appPackage: com.arbl.amaron, appium:automationName: UIAutomator2, appium:platformVersion: 11, platformName: ANDROID}
at org.openqa.selenium.remote.ProtocolHandshake.createSession(ProtocolHandshake.java:140)
at java.base/jdk.internal.reflect.NativeMethodAccessorImpl.invoke0(Native Method)
at java.base/jdk.internal.reflect.NativeMethodAccessorImpl.invoke(NativeMethodAccessorImpl.java:77)
at java.base/jdk.internal.reflect.DelegatingMethodAccessorImpl.invoke(DelegatingMethodAccessorImpl.java:43)
at java.base/java.lang.reflect.Method.invoke(Method.java:568)
at io.appium.java_client.remote.AppiumProtocolHandshake.createSession(AppiumProtocolHandshake.java:133)
at io.appium.java_client.remote.AppiumProtocolHandshake.createSession(AppiumProtocolHandshake.java:102)
at io.appium.java_client.remote.AppiumCommandExecutor.createSession(AppiumCommandExecutor.java:182)
at io.appium.java_client.remote.AppiumCommandExecutor.execute(AppiumCommandExecutor.java:250)
at org.openqa.selenium.remote.RemoteWebDriver.execute(RemoteWebDriver.java:531)
at io.appium.java_client.AppiumDriver.startSession(AppiumDriver.java:274)
at org.openqa.selenium.remote.RemoteWebDriver.<init>(RemoteWebDriver.java:154)
at io.appium.java_client.AppiumDriver.<init>(AppiumDriver.java:89)
at io.appium.java_client.AppiumDriver.<init>(AppiumDriver.java:101)
at io.appium.java_client.android.AndroidDriver.<init>(AndroidDriver.java:113)
at StepDefinition.StepDef.setup1(StepDef.java:101)
]]>
    </error>
  </testcase> <!-- runScenario -->
  <system-out/>
</testsuite> <!-- TestRunner.Run -->
